****************************************
Report : Time Based Power
	-hierarchy
Design : CHIP
Version: S-2021.06
Date   : Thu Jan 20 04:28:38 2022
****************************************



                                      Int      Switch   Leak     Total
Hierarchy                             Power    Power    Power    Power    %
----------------------------------------------------------------------------------
CHIP                                  8.11e-03 2.55e-03 1.52e-03 1.22e-02 100.0
  U0 (top)                            8.11e-03 2.54e-03 1.51e-03 1.22e-02  99.9
    reg_U0 (reg8x8_IN_WIDTH8_mydesign_1)
                                      1.43e-03 2.17e-04 2.89e-04 1.94e-03  15.9
    reg_U1 (reg8x8_IN_WIDTH8_mydesign_0)
                                      1.25e-03 1.39e-04 2.20e-04 1.61e-03  13.2
    encoder (encoder_IN_WIDTH8)       1.77e-04 3.28e-05 3.87e-05 2.48e-04   2.0
    control_de (control_de_SRAM_ADDR_W22_IMG_SIZE11)
                                      2.52e-04 5.99e-06 8.20e-05 3.39e-04   2.8
    control_en (control_en_N2500000_IMG_SIZE11_SRAM_ADDR_R22)
                                      2.16e-04 2.20e-05 5.02e-05 2.89e-04   2.4
    dequan (dequan_IN_WIDTH12)        4.35e-04 3.35e-05 9.27e-05 5.61e-04   4.6
    rgb2yuv (rgb2yuv_ACT_PER_ADDR1_IN_WIDTH8)
                                      3.00e-04 6.38e-05 4.37e-05 4.08e-04   3.4
    decoder (decoder_SRAM_ADDR_R20_REG_WIDTH12)
                                      1.51e-04 1.25e-05 4.38e-05 2.08e-04   1.7
    dct1D_U0 (dct1D_IN_WIDTH10_COEF_WIDTH9_COEF_FP8)
                                      1.12e-03 3.00e-04 1.76e-04 1.60e-03  13.1
    quan_DCT2D (quan_DCT2D_IN_WIDTH12)
                                      5.88e-04 7.90e-05 9.12e-05 7.58e-04   6.2
    idct1D (idct1D_IN_WIDTH12_COEF_WIDTH9_COEF_FP8)
                                      1.54e-03 1.51e-04 2.72e-04 1.96e-03  16.1


                                      Peak     Peak            Glitch   X-tran
Hierarchy                             Power    Time            Power    Power
--------------------------------------------------------------------------------
CHIP                                     0.240   3.316-3.317   6.78e-07 4.22e-05
  U0 (top)                               0.240   3.316-3.317   6.78e-07 4.22e-05
    reg_U0 (reg8x8_IN_WIDTH8_mydesign_1)
                                      4.86e-02  38.541-38.542  4.94e-08 1.36e-07
    reg_U1 (reg8x8_IN_WIDTH8_mydesign_0)
                                      4.46e-02 320.097-320.098 5.42e-08 2.19e-07
    encoder (encoder_IN_WIDTH8)       1.17e-02 49486.503-49486.504
                                                               2.05e-09 3.44e-09
    control_de (control_de_SRAM_ADDR_W22_IMG_SIZE11)
                                      1.13e-02 65912.110-65912.111
                                                               6.40e-09 3.01e-08
    control_en (control_en_N2500000_IMG_SIZE11_SRAM_ADDR_R22)
                                      9.65e-03 68856.110-68856.111
                                                               2.96e-08    0.000
    dequan (dequan_IN_WIDTH12)        1.57e-02 34121.716-34121.717
                                                               2.82e-08 2.84e-05
    rgb2yuv (rgb2yuv_ACT_PER_ADDR1_IN_WIDTH8)
                                      7.42e-03 40281.697-40281.698
                                                               3.13e-10 1.39e-08
    decoder (decoder_SRAM_ADDR_R20_REG_WIDTH12)
                                      8.75e-03 66200.098-66200.099
                                                               2.51e-08 2.49e-08
    dct1D_U0 (dct1D_IN_WIDTH10_COEF_WIDTH9_COEF_FP8)
                                      3.08e-02 108070.520-108070.521
                                                               2.10e-07 1.94e-07
    quan_DCT2D (quan_DCT2D_IN_WIDTH12)
                                      1.75e-02 57052.916-57052.917
                                                               4.56e-08 7.57e-08
    idct1D (idct1D_IN_WIDTH12_COEF_WIDTH9_COEF_FP8)
                                      4.94e-02 72505.717-72505.718
                                                               2.27e-07 1.07e-05
1
