 
****************************************
Report : timing
        -path full
        -delay max
        -max_paths 1
Design : enigma_part2
Version: R-2020.09-SP5
Date   : Tue Oct 26 02:48:46 2021
****************************************

Operating Conditions: ss0p95v125c   Library: saed32hvt_ss0p95v125c
Wire Load Model Mode: enclosed

  Startpoint: load_idx[7]
              (input port clocked by clk)
  Endpoint: clk_gate_rotorB_table_reg_1_/latch
            (positive level-sensitive latch clocked by clk')
  Path Group: clk
  Path Type: max

  Des/Clust/Port     Wire Load Model       Library
  ------------------------------------------------
  enigma_part2       35000                 saed32hvt_ss0p95v125c

  Point                                                   Incr       Path
  --------------------------------------------------------------------------
  clock clk (rise edge)                                 0.0000     0.0000
  clock network delay (ideal)                           0.0000     0.0000
  input external delay                                  0.9500     0.9500 f
  load_idx[7] (in)                                      0.0000     0.9500 f
  U9864/Y (NOR2X0_HVT)                                  0.0859     1.0359 r
  U8019/Y (AO21X1_HVT)                                  0.1178     1.1537 r
  U7342/Y (INVX2_HVT)                                   0.0451     1.1988 f
  U6272/Y (INVX1_HVT)                                   0.0307     1.2295 r
  U6282/Y (NBUFFX4_HVT)                                 0.0772     1.3066 r
  clk_gate_rotorB_table_reg_1_/EN (SNPS_CLOCK_GATE_HIGH_enigma_part2_mydesign_77)
                                                        0.0000     1.3066 r
  clk_gate_rotorB_table_reg_1_/latch/D (LATCHX1_HVT)    0.0000     1.3066 r
  data arrival time                                                1.3066

  clock clk' (rise edge)                                0.9500     0.9500
  clock network delay (ideal)                           0.0000     0.9500
  clk_gate_rotorB_table_reg_1_/latch/CLK (LATCHX1_HVT)
                                                        0.0000     0.9500 r
  time borrowed from endpoint                           0.3566     1.3066
  data required time                                               1.3066
  --------------------------------------------------------------------------
  data required time                                               1.3066
  data arrival time                                               -1.3066
  --------------------------------------------------------------------------
  slack (MET)                                                      0.0000

  Time Borrowing Information
  --------------------------------------------------------------
  clk' nominal pulse width                              0.9500   
  library setup time                                   -0.1078   
  --------------------------------------------------------------
  max time borrow                                       0.8422   
  actual time borrow                                    0.3566   
  --------------------------------------------------------------


1
