ncverilog(64): 15.20-s084: (c) Copyright 1995-2020 Cadence Design Systems, Inc.
TOOL:	ncverilog	15.20-s084: Started on Jan 17, 2022 at 18:20:52 CST
ncverilog
	-f presim.f
		./test_top.v
		../hdl/dct1D.v
		../hdl/top.v
		../hdl/rgb2yuv.v
		../hdl/control_en.v
		../hdl/reg8x8.v
		../hdl/quan_DCT2D.v
		../hdl/encoder.v
		../hdl/idct1D.v
		../hdl/dequan.v
		../hdl/control_de.v
		../hdl/decoder.v
		../hdl/sram_Nx23b.v
		../hdl/sram_Nx8b.v
		+access+r
		+define+TEST_DATA=2
		+define+SAMPLE_MODE=0
file: ./test_top.v
`define TEST_DATA 0         // 0 for 96*64, 1 for 91*61
                                                       |
ncvlog: *W,MACNDF (./test_top.v,2|55): The text macro 'TEST_DATA' has also been defined on the command line using the -DEFINE command line option.  The compiler will ignore the definition found in the Verilog source code.
`define SAMPLE_MODE 0       // 0 for 4:1:1, 1 for 4:2:0
                                                       |
ncvlog: *W,MACNDF (./test_top.v,3|55): The text macro 'SAMPLE_MODE' has also been defined on the command line using the -DEFINE command line option.  The compiler will ignore the definition found in the Verilog source code.
	module worklib.test_top_all:v
		errors: 0, warnings: 0
file: ../hdl/dct1D.v
	module worklib.dct1D:v
		errors: 0, warnings: 0
file: ../hdl/top.v
	module worklib.top:v
		errors: 0, warnings: 0
file: ../hdl/rgb2yuv.v
	module worklib.rgb2yuv:v
		errors: 0, warnings: 0
file: ../hdl/control_en.v
	module worklib.control_en:v
		errors: 0, warnings: 0
file: ../hdl/reg8x8.v
	module worklib.reg8x8:v
		errors: 0, warnings: 0
file: ../hdl/quan_DCT2D.v
	module worklib.quan_DCT2D:v
		errors: 0, warnings: 0
file: ../hdl/encoder.v
	module worklib.encoder:v
		errors: 0, warnings: 0
file: ../hdl/idct1D.v
	module worklib.idct1D:v
		errors: 0, warnings: 0
file: ../hdl/dequan.v
	module worklib.dequan:v
		errors: 0, warnings: 0
file: ../hdl/control_de.v
	module worklib.control_de:v
		errors: 0, warnings: 0
file: ../hdl/decoder.v
	module worklib.decoder:v
		errors: 0, warnings: 0
file: ../hdl/sram_Nx23b.v
	module worklib.sram_Nx23b:v
		errors: 0, warnings: 0
file: ../hdl/sram_Nx8b.v
	module worklib.sram_Nx8b:v
		errors: 0, warnings: 0
	Total errors/warnings found outside modules and primitives:
		errors: 0, warnings: 2
		Caching library 'worklib' ....... Done
	Elaborating the design hierarchy:
	Building instance overlay tables: .................... Done
	Generating native compiled code:
		worklib.control_de:v <0x76b8c1ca>
			streams:  14, words: 30940
		worklib.control_en:v <0x0a1c967f>
			streams:  39, words: 33055
		worklib.dct1D:v <0x4f8ddaf6>
			streams:   4, words: 11270
		worklib.decoder:v <0x2a49e328>
			streams:  10, words: 143885
		worklib.dequan:v <0x01fbdd1a>
			streams:   4, words: 15711
		worklib.encoder:v <0x7c75a3e9>
			streams:  11, words: 80273
		worklib.idct1D:v <0x0bd24eb1>
			streams:   4, words: 13994
		worklib.quan_DCT2D:v <0x7b7bb521>
			streams:   4, words: 19221
		worklib.reg8x8:v <0x39ea5bc0>
			streams:   9, words: 28946
		worklib.rgb2yuv:v <0x02e8de6f>
			streams:  10, words:  4973
		worklib.sram_Nx23b:v <0x4cd36487>
			streams:   6, words:  1974
		worklib.sram_Nx8b:v <0x156e356e>
			streams:   6, words:  1794
		worklib.sram_Nx8b:v <0x2f25e9ea>
			streams:   6, words:  1794
		worklib.test_top_all:v <0x0cfdc03f>
			streams:  16, words: 49522
		worklib.top:v <0x07302148>
			streams:  18, words: 15983
	Building instance specific data structures.
	Loading native compiled code:     .................... Done
	Design hierarchy summary:
		                   Instances  Unique
		Modules:                  17      14
		Registers:               615     580
		Scalar wires:             58       -
		Expanded wires:            2       1
		Vectored wires:          108       -
		Always blocks:            96      84
		Initial blocks:           14      14
		Cont. assignments:         4      16
		Pseudo assignments:        4       4
		Simulation timescale:  100ps
	Writing initial simulation snapshot: worklib.test_top_all:v
Loading snapshot worklib.test_top_all:v .................... Done
*Novas* Loading libsscore_ius111.so
ncsim> source /usr/cad/cadence/INCISIV/INCISIVE_15.20.084/tools/inca/files/ncsimrc
ncsim> run
Start Reading RGB Data........
Start Loading Data into SRAM........
Start Reading Golden Data........
End of Reading Golden Data........
Start Output Comparing........
Start Input Feeding........
RTL:11001111000000000000000, GOLDEN:11001111000000000000000
Pass           0 code
RTL:00000000000000000000000, GOLDEN:00000000000000000000000
Pass        1000 code
RTL:10100000000000000000000, GOLDEN:10100000000000000000000
Pass        2000 code
RTL:10100000000000000000000, GOLDEN:10100000000000000000000
Pass        3000 code
RTL:10111010000000000000000, GOLDEN:10111010000000000000000
Pass        4000 code
RTL:00000000000000000000000, GOLDEN:00000000000000000000000
Pass        5000 code
RTL:00000000000000000000000, GOLDEN:00000000000000000000000
Pass        6000 code
RTL:11110100000000000000000, GOLDEN:11110100000000000000000
Pass        7000 code
RTL:00100000000000000000000, GOLDEN:00100000000000000000000
Pass        8000 code
RTL:01010000000000000000000, GOLDEN:01010000000000000000000
Pass        9000 code
RTL:00100000000000000000000, GOLDEN:00100000000000000000000
Pass       10000 code
RTL:00000000000000000000000, GOLDEN:00000000000000000000000
Pass       11000 code
RTL:11000000000000000000000, GOLDEN:11000000000000000000000
Pass       12000 code
RTL:10100000000000000000000, GOLDEN:10100000000000000000000
Pass       13000 code
RTL:10110000000000000000000, GOLDEN:10110000000000000000000
Pass       14000 code
RTL:00100000000000000000000, GOLDEN:00100000000000000000000
Pass       15000 code
RTL:01100000000000000000000, GOLDEN:01100000000000000000000
Pass       16000 code
RTL:00100000000000000000000, GOLDEN:00100000000000000000000
Pass       17000 code
RTL:00100000000000000000000, GOLDEN:00100000000000000000000
Pass       18000 code
RTL:00000000000000000000000, GOLDEN:00000000000000000000000
Pass       19000 code
RTL:10111111000000000000000, GOLDEN:10111111000000000000000
Pass       20000 code
RTL:00100000000000000000000, GOLDEN:00100000000000000000000
Pass       21000 code
RTL:10010000000000000000000, GOLDEN:10010000000000000000000
Pass       22000 code
RTL:11010011110000000000000, GOLDEN:11010011110000000000000
Pass       23000 code
RTL:01100000000000000000000, GOLDEN:01100000000000000000000
Pass       24000 code
RTL:00100000000000000000000, GOLDEN:00100000000000000000000
Pass       25000 code
RTL:11110101000000000000000, GOLDEN:11110101000000000000000
Pass       26000 code
RTL:11011100000000000000000, GOLDEN:11011100000000000000000
Pass       27000 code
RTL:11101010000000000000000, GOLDEN:11101010000000000000000
Pass       28000 code
RTL:00100000000000000000000, GOLDEN:00100000000000000000000
Pass       29000 code
RTL:10100000000000000000000, GOLDEN:10100000000000000000000
Pass       30000 code
RTL:10100000000000000000000, GOLDEN:10100000000000000000000
Pass       31000 code
RTL:01010000000000000000000, GOLDEN:01010000000000000000000
Pass       32000 code
RTL:00100000000000000000000, GOLDEN:00100000000000000000000
Pass       33000 code
RTL:10101110000000000000000, GOLDEN:10101110000000000000000
Pass       34000 code
RTL:00100000000000000000000, GOLDEN:00100000000000000000000
Pass       35000 code
RTL:00100000000000000000000, GOLDEN:00100000000000000000000
Pass       36000 code
RTL:01000000000000000000000, GOLDEN:01000000000000000000000
Pass       37000 code
RTL:11111001010000000000000, GOLDEN:11111001010000000000000
Pass       38000 code
RTL:01111000000000000000000, GOLDEN:01111000000000000000000
Pass       39000 code
RTL:10000100000000000000000, GOLDEN:10000100000000000000000
Pass       40000 code
RTL:00000000000000000000000, GOLDEN:00000000000000000000000
Pass       41000 code
RTL:00000000000000000000000, GOLDEN:00000000000000000000000
Pass       42000 code
RTL:00000000000000000000000, GOLDEN:00000000000000000000000
Pass       43000 code
RTL:10110000000000000000000, GOLDEN:10110000000000000000000
Pass       44000 code
RTL:10001000000000000000000, GOLDEN:10001000000000000000000
Pass       45000 code
RTL:10010000000000000000000, GOLDEN:10010000000000000000000
Pass       46000 code
RTL:11000011100000000000000, GOLDEN:11000011100000000000000
Pass       47000 code
RTL:00000000000000000000000, GOLDEN:00000000000000000000000
Pass       48000 code
RTL:10100000000000000000000, GOLDEN:10100000000000000000000
Pass       49000 code
RTL:00000000000000000000000, GOLDEN:00000000000000000000000
Pass       50000 code
RTL:01000000000000000000000, GOLDEN:01000000000000000000000
Pass       51000 code
RTL:01100000000000000000000, GOLDEN:01100000000000000000000
Pass       52000 code
RTL:11011000000000000000000, GOLDEN:11011000000000000000000
Pass       53000 code
RTL:01100000000000000000000, GOLDEN:01100000000000000000000
Pass       54000 code
RTL:00000000000000000000000, GOLDEN:00000000000000000000000
Pass       55000 code
RTL:00000000000000000000000, GOLDEN:00000000000000000000000
Pass       56000 code


*****************************************
      All Answers Are Correct!!!!!
*****************************************




*****************************************
            Start decode                 
*****************************************




*****************************************
      Start Output Comparing             
*****************************************


Compare Y.....................
Correct! index =           0
Correct! index =        1000
Correct! index =        2000
Correct! index =        3000
Correct! index =        4000
Correct! index =        5000
Correct! index =        6000
Correct! index =        7000
Correct! index =        8000
Correct! index =        9000
Correct! index =       10000
Correct! index =       11000
Correct! index =       12000
Correct! index =       13000
Correct! index =       14000
Correct! index =       15000
Correct! index =       16000
Correct! index =       17000
Correct! index =       18000
Correct! index =       19000
Correct! index =       20000
Correct! index =       21000
Correct! index =       22000
Correct! index =       23000
Correct! index =       24000
Correct! index =       25000
Correct! index =       26000
Correct! index =       27000
Correct! index =       28000
Correct! index =       29000
Correct! index =       30000
Correct! index =       31000
Correct! index =       32000
Correct! index =       33000
Correct! index =       34000
Correct! index =       35000
Correct! index =       36000
Correct! index =       37000
Correct! index =       38000
Correct! index =       39000
Correct! index =       40000
Correct! index =       41000
Correct! index =       42000
Correct! index =       43000
Correct! index =       44000
Correct! index =       45000
Correct! index =       46000
Correct! index =       47000
Correct! index =       48000
Correct! index =       49000
Correct! index =       50000
Correct! index =       51000
Correct! index =       52000
Correct! index =       53000
Correct! index =       54000
Correct! index =       55000
Correct! index =       56000
Correct! index =       57000
Correct! index =       58000
Correct! index =       59000
Correct! index =       60000
Correct! index =       61000
Correct! index =       62000
Correct! index =       63000
Correct! index =       64000
Correct! index =       65000
Correct! index =       66000
Correct! index =       67000
Correct! index =       68000
Correct! index =       69000
Correct! index =       70000
Correct! index =       71000
Correct! index =       72000
Correct! index =       73000
Correct! index =       74000
Correct! index =       75000
Correct! index =       76000
Correct! index =       77000
Correct! index =       78000
Correct! index =       79000
Correct! index =       80000
Correct! index =       81000
Correct! index =       82000
Correct! index =       83000
Correct! index =       84000
Correct! index =       85000
Correct! index =       86000
Correct! index =       87000
Correct! index =       88000
Correct! index =       89000
Correct! index =       90000
Correct! index =       91000
Correct! index =       92000
Correct! index =       93000
Correct! index =       94000
Correct! index =       95000
Correct! index =       96000
Correct! index =       97000
Correct! index =       98000
Correct! index =       99000
Correct! index =      100000
Correct! index =      101000
Correct! index =      102000
Correct! index =      103000
Correct! index =      104000
Correct! index =      105000
Correct! index =      106000
Correct! index =      107000
Correct! index =      108000
Correct! index =      109000
Correct! index =      110000
Correct! index =      111000
Correct! index =      112000
Correct! index =      113000
Correct! index =      114000
Correct! index =      115000
Correct! index =      116000
Correct! index =      117000
Correct! index =      118000
Correct! index =      119000
Correct! index =      120000
Correct! index =      121000
Correct! index =      122000
Correct! index =      123000
Correct! index =      124000
Correct! index =      125000
Correct! index =      126000
Correct! index =      127000
Correct! index =      128000
Correct! index =      129000
Correct! index =      130000
Correct! index =      131000
Correct! index =      132000
Correct! index =      133000
Correct! index =      134000
Correct! index =      135000
Correct! index =      136000
Correct! index =      137000
Correct! index =      138000
Correct! index =      139000
Correct! index =      140000
Correct! index =      141000
Correct! index =      142000
Correct! index =      143000
Correct! index =      144000
Correct! index =      145000
Correct! index =      146000
Correct! index =      147000
Correct! index =      148000
Correct! index =      149000
Correct! index =      150000
Correct! index =      151000
Correct! index =      152000
Correct! index =      153000
Correct! index =      154000
Correct! index =      155000
Correct! index =      156000
Correct! index =      157000
Correct! index =      158000
Correct! index =      159000
Correct! index =      160000
Correct! index =      161000
Correct! index =      162000
Correct! index =      163000
Correct! index =      164000
Correct! index =      165000
Correct! index =      166000
Correct! index =      167000
Correct! index =      168000
Correct! index =      169000
Correct! index =      170000
Correct! index =      171000
Correct! index =      172000
Correct! index =      173000
Correct! index =      174000
Correct! index =      175000
Correct! index =      176000
Correct! index =      177000
Correct! index =      178000
Correct! index =      179000
Correct! index =      180000
Correct! index =      181000
Correct! index =      182000
Correct! index =      183000
Correct! index =      184000
Correct! index =      185000
Correct! index =      186000
Correct! index =      187000
Correct! index =      188000
Correct! index =      189000
Correct! index =      190000
Correct! index =      191000
Correct! index =      192000
Correct! index =      193000
Correct! index =      194000
Correct! index =      195000
Correct! index =      196000
Correct! index =      197000
Correct! index =      198000
Correct! index =      199000
Correct! index =      200000
Correct! index =      201000
Correct! index =      202000
Correct! index =      203000
Correct! index =      204000
Correct! index =      205000
Correct! index =      206000
Correct! index =      207000
Correct! index =      208000
Correct! index =      209000
Correct! index =      210000
Correct! index =      211000
Correct! index =      212000
Correct! index =      213000
Correct! index =      214000
Correct! index =      215000
Correct! index =      216000
Correct! index =      217000
Correct! index =      218000
Correct! index =      219000
Correct! index =      220000
Correct! index =      221000
Correct! index =      222000
Correct! index =      223000
Correct! index =      224000
Correct! index =      225000
Correct! index =      226000
Correct! index =      227000
Correct! index =      228000
Correct! index =      229000
Correct! index =      230000
Correct! index =      231000
Correct! index =      232000
Correct! index =      233000
Correct! index =      234000
Correct! index =      235000
Correct! index =      236000
Correct! index =      237000
Correct! index =      238000
Correct! index =      239000
Correct! index =      240000
Correct! index =      241000
Correct! index =      242000
Correct! index =      243000
Correct! index =      244000
Correct! index =      245000
Correct! index =      246000
Correct! index =      247000
Correct! index =      248000
Correct! index =      249000
Correct! index =      250000
Correct! index =      251000
Correct! index =      252000
Correct! index =      253000
Correct! index =      254000
Correct! index =      255000
Correct! index =      256000
Correct! index =      257000
Correct! index =      258000
Correct! index =      259000
Correct! index =      260000
Correct! index =      261000
Correct! index =      262000
Correct! index =      263000
Correct! index =      264000
Correct! index =      265000
Correct! index =      266000
Correct! index =      267000
Correct! index =      268000
Correct! index =      269000
Correct! index =      270000
Correct! index =      271000
Correct! index =      272000
Correct! index =      273000
Correct! index =      274000
Correct! index =      275000
Correct! index =      276000
Correct! index =      277000
Correct! index =      278000
Correct! index =      279000
Correct! index =      280000
Correct! index =      281000
Correct! index =      282000
Correct! index =      283000
Correct! index =      284000
Correct! index =      285000
Correct! index =      286000
Correct! index =      287000
Correct! index =      288000
Correct! index =      289000
Correct! index =      290000
Correct! index =      291000
Correct! index =      292000
Correct! index =      293000
Correct! index =      294000
Correct! index =      295000
Correct! index =      296000
Correct! index =      297000
Correct! index =      298000
Correct! index =      299000
Correct! index =      300000
Correct! index =      301000
Correct! index =      302000
Correct! index =      303000
Correct! index =      304000
Correct! index =      305000
Correct! index =      306000
Correct! index =      307000
Correct! index =      308000
Correct! index =      309000
Correct! index =      310000
Correct! index =      311000
Correct! index =      312000
Correct! index =      313000
Correct! index =      314000
Correct! index =      315000
Correct! index =      316000
Correct! index =      317000
Correct! index =      318000
Correct! index =      319000
Correct! index =      320000
Correct! index =      321000
Correct! index =      322000
Correct! index =      323000
Correct! index =      324000
Correct! index =      325000
Correct! index =      326000
Correct! index =      327000
Correct! index =      328000
Correct! index =      329000
Correct! index =      330000
Correct! index =      331000
Correct! index =      332000
Correct! index =      333000
Correct! index =      334000
Correct! index =      335000
Correct! index =      336000
Correct! index =      337000
Correct! index =      338000
Correct! index =      339000
Correct! index =      340000
Correct! index =      341000
Correct! index =      342000
Correct! index =      343000
Correct! index =      344000
Correct! index =      345000
Correct! index =      346000
Correct! index =      347000
Correct! index =      348000
Correct! index =      349000
Correct! index =      350000
Correct! index =      351000
Correct! index =      352000
Correct! index =      353000
Correct! index =      354000
Correct! index =      355000
Correct! index =      356000
Correct! index =      357000
Correct! index =      358000
Correct! index =      359000
Correct! index =      360000
Correct! index =      361000
Correct! index =      362000
Correct! index =      363000
Correct! index =      364000
Correct! index =      365000
Correct! index =      366000
Correct! index =      367000
Correct! index =      368000
Correct! index =      369000
Correct! index =      370000
Correct! index =      371000
Correct! index =      372000
Correct! index =      373000
Correct! index =      374000
Correct! index =      375000
Correct! index =      376000
Correct! index =      377000
Correct! index =      378000
Correct! index =      379000
Correct! index =      380000
Correct! index =      381000
Correct! index =      382000
Correct! index =      383000
Correct! index =      384000
Correct! index =      385000
Correct! index =      386000
Correct! index =      387000
Correct! index =      388000
Correct! index =      389000
Correct! index =      390000
Correct! index =      391000
Correct! index =      392000
Correct! index =      393000
Correct! index =      394000
Correct! index =      395000
Correct! index =      396000
Correct! index =      397000
Correct! index =      398000
Correct! index =      399000
Correct! index =      400000
Correct! index =      401000
Correct! index =      402000
Correct! index =      403000
Correct! index =      404000
Correct! index =      405000
Correct! index =      406000
Correct! index =      407000
Correct! index =      408000
Correct! index =      409000
Correct! index =      410000
Correct! index =      411000
Correct! index =      412000
Correct! index =      413000
Correct! index =      414000
Correct! index =      415000
Correct! index =      416000
Correct! index =      417000
Correct! index =      418000
Correct! index =      419000
Correct! index =      420000
Correct! index =      421000
Correct! index =      422000
Correct! index =      423000
Correct! index =      424000
Correct! index =      425000
Correct! index =      426000
Correct! index =      427000
Correct! index =      428000
Correct! index =      429000
Correct! index =      430000
Correct! index =      431000
Correct! index =      432000
Correct! index =      433000
Correct! index =      434000
Correct! index =      435000
Correct! index =      436000
Correct! index =      437000
Correct! index =      438000
Correct! index =      439000
Correct! index =      440000
Correct! index =      441000
Correct! index =      442000
Correct! index =      443000
Correct! index =      444000
Correct! index =      445000
Correct! index =      446000
Correct! index =      447000
Correct! index =      448000
Correct! index =      449000
Correct! index =      450000
Correct! index =      451000
Correct! index =      452000
Correct! index =      453000
Correct! index =      454000
Correct! index =      455000
Correct! index =      456000
Correct! index =      457000
Correct! index =      458000
Correct! index =      459000
Correct! index =      460000
Correct! index =      461000
Correct! index =      462000
Correct! index =      463000
Correct! index =      464000
Correct! index =      465000
Correct! index =      466000
Correct! index =      467000
Correct! index =      468000
Correct! index =      469000
Correct! index =      470000
Correct! index =      471000
Correct! index =      472000
Correct! index =      473000
Correct! index =      474000
Correct! index =      475000
Correct! index =      476000
Correct! index =      477000
Correct! index =      478000
Correct! index =      479000
Compare U.....................
Correct! index =           0
Correct! index =        1000
Correct! index =        2000
Correct! index =        3000
Correct! index =        4000
Correct! index =        5000
Correct! index =        6000
Correct! index =        7000
Correct! index =        8000
Correct! index =        9000
Correct! index =       10000
Correct! index =       11000
Correct! index =       12000
Correct! index =       13000
Correct! index =       14000
Correct! index =       15000
Correct! index =       16000
Correct! index =       17000
Correct! index =       18000
Correct! index =       19000
Correct! index =       20000
Correct! index =       21000
Correct! index =       22000
Correct! index =       23000
Correct! index =       24000
Correct! index =       25000
Correct! index =       26000
Correct! index =       27000
Correct! index =       28000
Correct! index =       29000
Correct! index =       30000
Correct! index =       31000
Correct! index =       32000
Correct! index =       33000
Correct! index =       34000
Correct! index =       35000
Correct! index =       36000
Correct! index =       37000
Correct! index =       38000
Correct! index =       39000
Correct! index =       40000
Correct! index =       41000
Correct! index =       42000
Correct! index =       43000
Correct! index =       44000
Correct! index =       45000
Correct! index =       46000
Correct! index =       47000
Correct! index =       48000
Correct! index =       49000
Correct! index =       50000
Correct! index =       51000
Correct! index =       52000
Correct! index =       53000
Correct! index =       54000
Correct! index =       55000
Correct! index =       56000
Correct! index =       57000
Correct! index =       58000
Correct! index =       59000
Correct! index =       60000
Correct! index =       61000
Correct! index =       62000
Correct! index =       63000
Correct! index =       64000
Correct! index =       65000
Correct! index =       66000
Correct! index =       67000
Correct! index =       68000
Correct! index =       69000
Correct! index =       70000
Correct! index =       71000
Correct! index =       72000
Correct! index =       73000
Correct! index =       74000
Correct! index =       75000
Correct! index =       76000
Correct! index =       77000
Correct! index =       78000
Correct! index =       79000
Correct! index =       80000
Correct! index =       81000
Correct! index =       82000
Correct! index =       83000
Correct! index =       84000
Correct! index =       85000
Correct! index =       86000
Correct! index =       87000
Correct! index =       88000
Correct! index =       89000
Correct! index =       90000
Correct! index =       91000
Correct! index =       92000
Correct! index =       93000
Correct! index =       94000
Correct! index =       95000
Correct! index =       96000
Correct! index =       97000
Correct! index =       98000
Correct! index =       99000
Correct! index =      100000
Correct! index =      101000
Correct! index =      102000
Correct! index =      103000
Correct! index =      104000
Correct! index =      105000
Correct! index =      106000
Correct! index =      107000
Correct! index =      108000
Correct! index =      109000
Correct! index =      110000
Correct! index =      111000
Correct! index =      112000
Correct! index =      113000
Correct! index =      114000
Correct! index =      115000
Correct! index =      116000
Correct! index =      117000
Correct! index =      118000
Correct! index =      119000
Compare V.....................
Correct! index =           0
Correct! index =        1000
Correct! index =        2000
Correct! index =        3000
Correct! index =        4000
Correct! index =        5000
Correct! index =        6000
Correct! index =        7000
Correct! index =        8000
Correct! index =        9000
Correct! index =       10000
Correct! index =       11000
Correct! index =       12000
Correct! index =       13000
Correct! index =       14000
Correct! index =       15000
Correct! index =       16000
Correct! index =       17000
Correct! index =       18000
Correct! index =       19000
Correct! index =       20000
Correct! index =       21000
Correct! index =       22000
Correct! index =       23000
Correct! index =       24000
Correct! index =       25000
Correct! index =       26000
Correct! index =       27000
Correct! index =       28000
Correct! index =       29000
Correct! index =       30000
Correct! index =       31000
Correct! index =       32000
Correct! index =       33000
Correct! index =       34000
Correct! index =       35000
Correct! index =       36000
Correct! index =       37000
Correct! index =       38000
Correct! index =       39000
Correct! index =       40000
Correct! index =       41000
Correct! index =       42000
Correct! index =       43000
Correct! index =       44000
Correct! index =       45000
Correct! index =       46000
Correct! index =       47000
Correct! index =       48000
Correct! index =       49000
Correct! index =       50000
Correct! index =       51000
Correct! index =       52000
Correct! index =       53000
Correct! index =       54000
Correct! index =       55000
Correct! index =       56000
Correct! index =       57000
Correct! index =       58000
Correct! index =       59000
Correct! index =       60000
Correct! index =       61000
Correct! index =       62000
Correct! index =       63000
Correct! index =       64000
Correct! index =       65000
Correct! index =       66000
Correct! index =       67000
Correct! index =       68000
Correct! index =       69000
Correct! index =       70000
Correct! index =       71000
Correct! index =       72000
Correct! index =       73000
Correct! index =       74000
Correct! index =       75000
Correct! index =       76000
Correct! index =       77000
Correct! index =       78000
Correct! index =       79000
Correct! index =       80000
Correct! index =       81000
Correct! index =       82000
Correct! index =       83000
Correct! index =       84000
Correct! index =       85000
Correct! index =       86000
Correct! index =       87000
Correct! index =       88000
Correct! index =       89000
Correct! index =       90000
Correct! index =       91000
Correct! index =       92000
Correct! index =       93000
Correct! index =       94000
Correct! index =       95000
Correct! index =       96000
Correct! index =       97000
Correct! index =       98000
Correct! index =       99000
Correct! index =      100000
Correct! index =      101000
Correct! index =      102000
Correct! index =      103000
Correct! index =      104000
Correct! index =      105000
Correct! index =      106000
Correct! index =      107000
Correct! index =      108000
Correct! index =      109000
Correct! index =      110000
Correct! index =      111000
Correct! index =      112000
Correct! index =      113000
Correct! index =      114000
Correct! index =      115000
Correct! index =      116000
Correct! index =      117000
Correct! index =      118000
Correct! index =      119000
*****************************************
             All Correct!!!!!!!!!!!!!!!!!
*****************************************
*****************************************
       Performance of Compress Part      
         Compression: 0.023286
     Throughput: 193.911776M pixels/sec
*****************************************
      Performance of Decompress Part      
     Throughput: 97.340870M pixels/sec
*****************************************
Simulation complete via $finish(1) at time 7702745700 PS + 3
./test_top.v:573   $finish;
ncsim> exit
TOOL:	ncverilog	15.20-s084: Exiting on Jan 17, 2022 at 18:21:27 CST  (total: 00:00:35)
