 
****************************************
Report : area
Design : rop3_lut256
Version: R-2020.09-SP5
Date   : Wed Oct 27 00:47:41 2021
****************************************

Library(s) Used:

    saed32hvt_ss0p95v125c (File: /usr/cadtool/SAED32_EDK/lib/stdcell_hvt/db_nldm/saed32hvt_ss0p95v125c.db)

Number of ports:                          137
Number of nets:                           651
Number of cells:                          448
Number of combinational cells:            312
Number of sequential cells:               136
Number of macros/black boxes:               0
Number of buf/inv:                         49
Number of references:                      12

Combinational area:                808.432057
Buf/Inv area:                       62.265280
Noncombinational area:             898.653214
Macro/Black Box area:                0.000000
Net Interconnect area:             383.051981

Total cell area:                  1707.085270
Total area:                       2090.137251

Hierarchical area distribution
------------------------------

                                  Global cell area          Local cell area
                                  ------------------  --------------------------- 
Hierarchical cell                 Absolute   Percent  Combi-    Noncombi-  Black-
                                  Total      Total    national  national   boxes   Design
--------------------------------  ---------  -------  --------  ---------  ------  ---------
rop3_lut256                       1707.0853    100.0  808.4321   898.6532  0.0000  rop3_lut256
--------------------------------  ---------  -------  --------  ---------  ------  ---------
Total                                                 808.4321   898.6532  0.0000

1
