 
****************************************
Report : area
Design : CHIP
Version: R-2020.09-SP5
Date   : Tue Jan 18 09:55:35 2022
****************************************

Library(s) Used:

    saed32hvt_ss0p95v125c (File: /usr/cadtool/SAED32_EDK/lib/stdcell_hvt/db_nldm/saed32hvt_ss0p95v125c.db)

Number of ports:                          201
Number of nets:                           251
Number of cells:                           51
Number of combinational cells:             50
Number of sequential cells:                 0
Number of macros/black boxes:               0
Number of buf/inv:                         50
Number of references:                       4

Combinational area:              66297.274344
Buf/Inv area:                     9396.212113
Noncombinational area:           28232.603543
Macro/Black Box area:                0.000000
Net Interconnect area:           36410.781079

Total cell area:                 94529.877886
Total area:                     130940.658966
1
