Information: Propagating switching activity (low effort zero delay simulation). (PWR-6)
Warning: Design has unannotated primary inputs. (PWR-414)
Warning: Design has unannotated sequential cell outputs. (PWR-415)
 
****************************************
Report : power
        -analysis_effort low
Design : CHIP
Version: R-2020.09-SP5
Date   : Tue Jan 18 09:55:35 2022
****************************************


Library(s) Used:

    saed32hvt_ss0p95v125c (File: /usr/cadtool/SAED32_EDK/lib/stdcell_hvt/db_nldm/saed32hvt_ss0p95v125c.db)


Operating Conditions: ss0p95v125c   Library: saed32hvt_ss0p95v125c
Wire Load Model Mode: enclosed

Design        Wire Load Model            Library
------------------------------------------------
CHIP                   ForQA             saed32hvt_ss0p95v125c


Global Operating Voltage = 0.95 
Power-specific unit information :
    Voltage Units = 1V
    Capacitance Units = 1.000000ff
    Time Units = 1ns
    Dynamic Power Units = 1uW    (derived from V,C,T units)
    Leakage Power Units = 1pW


  Cell Internal Power  =   9.7303 mW   (77%)
  Net Switching Power  =   2.8836 mW   (23%)
                         ---------
Total Dynamic Power    =  12.6139 mW  (100%)

Cell Leakage Power     =   1.5679 mW


                 Internal         Switching           Leakage            Total
Power Group      Power            Power               Power              Power   (   %    )  Attrs
--------------------------------------------------------------------------------------------------
io_pad             0.0000            0.0000            0.0000            0.0000  (   0.00%)
memory             0.0000            0.0000            0.0000            0.0000  (   0.00%)
black_box          0.0000            0.0000            0.0000            0.0000  (   0.00%)
clock_network    206.7478        1.5328e+03        4.6620e+07        1.7862e+03  (  12.60%)
register       7.8012e+03          153.4159        6.1845e+08        8.5731e+03  (  60.45%)
sequential         0.0000            0.0000            0.0000            0.0000  (   0.00%)
combinational  1.7223e+03        1.1973e+03        9.0283e+08        3.8225e+03  (  26.95%)
--------------------------------------------------------------------------------------------------
Total          9.7303e+03 uW     2.8836e+03 uW     1.5679e+09 pW     1.4182e+04 uW
1
