 
****************************************
Report : timing
        -path full
        -delay min
        -max_paths 1
Design : CHIP
Version: R-2020.09-SP5
Date   : Tue Jan 18 09:55:31 2022
****************************************

 * Some/all delay information is back-annotated.

Operating Conditions: ff1p16vn40c   Library: saed32hvt_ff1p16vn40c
	Parasitic source    : LPE
	Parasitic mode      : RealRC
	Extraction mode     : MIN_MAX
	Extraction derating : -40/25/125

Information: Percent of Arnoldi-based delays = 15.10%

  Startpoint: U0/idct1D/reg1_out7_reg_8_
              (rising edge-triggered flip-flop clocked by clk)
  Endpoint: U0/idct1D/reg2_out8_reg_8_
            (rising edge-triggered flip-flop clocked by clk)
  Path Group: clk
  Path Type: min

  Point                                                   Incr       Path
  --------------------------------------------------------------------------
  clock clk (rise edge)                                   0.00       0.00
  clock network delay (propagated)                        0.08       0.08
  U0/idct1D/reg1_out7_reg_8_/CLK (DFFX1_HVT)              0.00       0.08 r
  U0/idct1D/reg1_out7_reg_8_/Q (DFFX1_HVT)                0.24       0.32 r
  U0/idct1D/reg2_out8_reg_8_/D (DFFX1_HVT)                0.00 &     0.32 r
  data arrival time                                                  0.32

  clock clk (rise edge)                                   0.00       0.00
  clock network delay (propagated)                        0.20       0.20
  U0/idct1D/reg2_out8_reg_8_/CLK (DFFX1_HVT)              0.00       0.20 r
  library hold time                                      -0.03       0.18
  data required time                                                 0.18
  --------------------------------------------------------------------------
  data required time                                                 0.18
  data arrival time                                                 -0.32
  --------------------------------------------------------------------------
  slack (MET)                                                        0.14


1
