Found antenna rule mode 4, diode mode 2:
	metal ratio 1000, cut ratio 20,metal gate diffusion length based ratio 0 cut gate length based ratio 0	metal pratio 0, cut pratio 0, metal gate diffusion length based pratio 0, cut gate diffusion length based pratio 0	metal nratio 0, cut nratio 0, metal nratio 0, cut nratio 0
	layer M1: max ratio 1000 max pratio 2.14748e+09 max nratio 2.14748e+09	layer M1: max gate length based ratio 0 max gate length based pratio 0 max gate length based nratio 0, diode ratio {0.06 0 400 40000}
	layer M2: max ratio 1000 max pratio 2.14748e+09 max nratio 2.14748e+09	layer M2: max gate length based ratio 0 max gate length based pratio 0 max gate length based nratio 0, diode ratio {0.06 0 400 40000}
	layer M3: max ratio 1000 max pratio 2.14748e+09 max nratio 2.14748e+09	layer M3: max gate length based ratio 0 max gate length based pratio 0 max gate length based nratio 0, diode ratio {0.06 0 400 40000}
	layer M4: max ratio 1000 max pratio 2.14748e+09 max nratio 2.14748e+09	layer M4: max gate length based ratio 0 max gate length based pratio 0 max gate length based nratio 0, diode ratio {0.06 0 400 40000}
	layer M5: max ratio 1000 max pratio 2.14748e+09 max nratio 2.14748e+09	layer M5: max gate length based ratio 0 max gate length based pratio 0 max gate length based nratio 0, diode ratio {0.06 0 400 40000}
	layer M6: max ratio 1000 max pratio 2.14748e+09 max nratio 2.14748e+09	layer M6: max gate length based ratio 0 max gate length based pratio 0 max gate length based nratio 0, diode ratio {0.06 0 400 40000}
	layer M7: max ratio 1000 max pratio 2.14748e+09 max nratio 2.14748e+09	layer M7: max gate length based ratio 0 max gate length based pratio 0 max gate length based nratio 0, diode ratio {0.06 0 400 40000}
	layer M8: max ratio 1000 max pratio 2.14748e+09 max nratio 2.14748e+09	layer M8: max gate length based ratio 0 max gate length based pratio 0 max gate length based nratio 0, diode ratio {0.06 0 400 40000}
	layer M9: max ratio 1000 max pratio 2.14748e+09 max nratio 2.14748e+09	layer M9: max gate length based ratio 0 max gate length based pratio 0 max gate length based nratio 0, diode ratio {0.06 0 8000 50000}
	layer VIA1: max ratio 20 max pratio 2.14748e+09 max nratio 2.14748e+09	layer VIA1: max gate length based ratio 0 max gate length based pratio 0 max gate length based nratio 0, diode ratio {0.06 0 200 1000}
	layer VIA2: max ratio 20 max pratio 2.14748e+09 max nratio 2.14748e+09	layer VIA2: max gate length based ratio 0 max gate length based pratio 0 max gate length based nratio 0, diode ratio {0.06 0 200 1000}
	layer VIA3: max ratio 20 max pratio 2.14748e+09 max nratio 2.14748e+09	layer VIA3: max gate length based ratio 0 max gate length based pratio 0 max gate length based nratio 0, diode ratio {0.06 0 200 1000}
	layer VIA4: max ratio 20 max pratio 2.14748e+09 max nratio 2.14748e+09	layer VIA4: max gate length based ratio 0 max gate length based pratio 0 max gate length based nratio 0, diode ratio {0.06 0 200 1000}
	layer VIA5: max ratio 20 max pratio 2.14748e+09 max nratio 2.14748e+09	layer VIA5: max gate length based ratio 0 max gate length based pratio 0 max gate length based nratio 0, diode ratio {0.06 0 200 1000}
	layer VIA6: max ratio 20 max pratio 2.14748e+09 max nratio 2.14748e+09	layer VIA6: max gate length based ratio 0 max gate length based pratio 0 max gate length based nratio 0, diode ratio {0.06 0 200 1000}
	layer VIA7: max ratio 20 max pratio 2.14748e+09 max nratio 2.14748e+09	layer VIA7: max gate length based ratio 0 max gate length based pratio 0 max gate length based nratio 0, diode ratio {0.06 0 200 1000}
	layer VIA8: max ratio 20 max pratio 2.14748e+09 max nratio 2.14748e+09	layer VIA8: max gate length based ratio 0 max gate length based pratio 0 max gate length based nratio 0, diode ratio {0.06 0 200 1000}
Cell Min-Routing-Layer = M1
Cell Max-Routing-Layer = M9
Warning: Cannot find a default contact for layer CO. (ZRT-022)
Information: Multiple default contact VIA89 found for layer VIA8. (ZRT-021)
Warning: Ignore 2 top cell ports with no pins. (ZRT-027)


Start checking for open nets ... 

Total number of nets = 34393, of which 0 are not extracted
Total number of open nets = 0, of which 0 are frozen

Check 34393 nets, 0 have Errors

[CHECK OPEN NETS] Elapsed real time: 0:00:00 
[CHECK OPEN NETS] Elapsed cpu  time: sys=0:00:00 usr=0:00:00 total=0:00:00
[CHECK OPEN NETS] Stage (MB): Used    0  Alloctr    0  Proc    0 
[CHECK OPEN NETS] Total (MB): Used  172  Alloctr  173  Proc 2863 
Printing options for 'set_route_zrt_common_options'
-dbin_list_of_nets                                      :	 {}                  
-extraction_mode                                        :	 parallel            
-verbose_level                                          :	 0                   

Printing options for 'set_route_zrt_detail_options'

*****Start reporting antenna related parameters*****
  Antenna/diode mode:
    Antenna mode 4; diode mode 2
      Metal lay (M1)0; maxRatio 1000.000 maxPRatio 2147483648.000 maxNRatio 2147483648.000; vector (0.060 0.000 400.000 40000.000 0.000)
      Cut lay (VIA1)1; maxRatio 20.000 maxPRatio 2147483648.000 maxNRatio 2147483648.000; vector (0.060 0.000 200.000 1000.000 0.000)
      Metal lay (M2)1; maxRatio 1000.000 maxPRatio 2147483648.000 maxNRatio 2147483648.000; vector (0.060 0.000 400.000 40000.000 0.000)
      Cut lay (VIA2)2; maxRatio 20.000 maxPRatio 2147483648.000 maxNRatio 2147483648.000; vector (0.060 0.000 200.000 1000.000 0.000)
      Metal lay (M3)2; maxRatio 1000.000 maxPRatio 2147483648.000 maxNRatio 2147483648.000; vector (0.060 0.000 400.000 40000.000 0.000)
      Cut lay (VIA3)3; maxRatio 20.000 maxPRatio 2147483648.000 maxNRatio 2147483648.000; vector (0.060 0.000 200.000 1000.000 0.000)
      Metal lay (M4)3; maxRatio 1000.000 maxPRatio 2147483648.000 maxNRatio 2147483648.000; vector (0.060 0.000 400.000 40000.000 0.000)
      Cut lay (VIA4)4; maxRatio 20.000 maxPRatio 2147483648.000 maxNRatio 2147483648.000; vector (0.060 0.000 200.000 1000.000 0.000)
      Metal lay (M5)4; maxRatio 1000.000 maxPRatio 2147483648.000 maxNRatio 2147483648.000; vector (0.060 0.000 400.000 40000.000 0.000)
      Cut lay (VIA5)5; maxRatio 20.000 maxPRatio 2147483648.000 maxNRatio 2147483648.000; vector (0.060 0.000 200.000 1000.000 0.000)
      Metal lay (M6)5; maxRatio 1000.000 maxPRatio 2147483648.000 maxNRatio 2147483648.000; vector (0.060 0.000 400.000 40000.000 0.000)
      Cut lay (VIA6)6; maxRatio 20.000 maxPRatio 2147483648.000 maxNRatio 2147483648.000; vector (0.060 0.000 200.000 1000.000 0.000)
      Metal lay (M7)6; maxRatio 1000.000 maxPRatio 2147483648.000 maxNRatio 2147483648.000; vector (0.060 0.000 400.000 40000.000 0.000)
      Cut lay (VIA7)7; maxRatio 20.000 maxPRatio 2147483648.000 maxNRatio 2147483648.000; vector (0.060 0.000 200.000 1000.000 0.000)
      Metal lay (M8)7; maxRatio 1000.000 maxPRatio 2147483648.000 maxNRatio 2147483648.000; vector (0.060 0.000 400.000 40000.000 0.000)
      Cut lay (VIA8)8; maxRatio 20.000 maxPRatio 2147483648.000 maxNRatio 2147483648.000; vector (0.060 0.000 200.000 1000.000 0.000)
      Metal lay (M9)8; maxRatio 1000.000 maxPRatio 2147483648.000 maxNRatio 2147483648.000; vector (0.060 0.000 8000.000 50000.000 0.000)
      Cut lay (VIARDL)9; maxRatio 20.000 maxPRatio 2147483647.000 maxNRatio 2147483647.000
      Metal lay (MRDL)9; maxRatio 1000.000 maxPRatio 2147483648.000 maxNRatio 2147483648.000
  Accumulate from metal to cut == false
  Accumulate from cut to metal == false
  Accumulate from metal to cut for accumulative area modes == false
  Accumulate from cut to metal for accumulative area modes == false
  Top lay antenna ratio fix threshold == -1
  Antenna max pin count threshold == -1
  Check PG net == false
  MergeGate == true
  Break antenna to port mode == float
  Break antenna to macro pin mode == normal
*****End reporting antenna related parameters*****
Warning: Skipping antenna analysis for net code[16]. The pin code[16] on cell CHIP does not have enough gate area information. (ZRT-311)
Warning: Skipping antenna analysis for net code[17]. The pin code[17] on cell CHIP does not have enough gate area information. (ZRT-311)
Warning: Skipping antenna analysis for net code[18]. The pin code[18] on cell CHIP does not have enough gate area information. (ZRT-311)
Warning: Skipping antenna analysis for net code[19]. The pin code[19] on cell CHIP does not have enough gate area information. (ZRT-311)
Warning: Skipping antenna analysis for net code[20]. The pin code[20] on cell CHIP does not have enough gate area information. (ZRT-311)
Warning: Skipping antenna analysis for net code[21]. The pin code[21] on cell CHIP does not have enough gate area information. (ZRT-311)
Warning: Skipping antenna analysis for net code[22]. The pin code[22] on cell CHIP does not have enough gate area information. (ZRT-311)
Warning: Skipping antenna analysis for net B[0]. The pin B[0] on cell CHIP does not have enough gate area information. (ZRT-311)
Warning: Skipping antenna analysis for net B[1]. The pin B[1] on cell CHIP does not have enough gate area information. (ZRT-311)
Warning: Skipping antenna analysis for net B[2]. The pin B[2] on cell CHIP does not have enough gate area information. (ZRT-311)
Warning: Skipping antenna analysis for net B[3]. The pin B[3] on cell CHIP does not have enough gate area information. (ZRT-311)
Warning: Skipping antenna analysis for net B[4]. The pin B[4] on cell CHIP does not have enough gate area information. (ZRT-311)
Warning: Skipping antenna analysis for net B[5]. The pin B[5] on cell CHIP does not have enough gate area information. (ZRT-311)
Warning: Skipping antenna analysis for net B[6]. The pin B[6] on cell CHIP does not have enough gate area information. (ZRT-311)
Warning: Skipping antenna analysis for net B[7]. The pin B[7] on cell CHIP does not have enough gate area information. (ZRT-311)
Warning: Skipping antenna analysis for net G[0]. The pin G[0] on cell CHIP does not have enough gate area information. (ZRT-311)
Warning: Skipping antenna analysis for net G[1]. The pin G[1] on cell CHIP does not have enough gate area information. (ZRT-311)
Warning: Skipping antenna analysis for net G[2]. The pin G[2] on cell CHIP does not have enough gate area information. (ZRT-311)
Warning: Skipping antenna analysis for net G[3]. The pin G[3] on cell CHIP does not have enough gate area information. (ZRT-311)
Warning: Skipping antenna analysis for net G[4]. The pin G[4] on cell CHIP does not have enough gate area information. (ZRT-311)
Warning: Skipping antenna analysis for net G[5]. The pin G[5] on cell CHIP does not have enough gate area information. (ZRT-311)
Warning: Skipping antenna analysis for net G[6]. The pin G[6] on cell CHIP does not have enough gate area information. (ZRT-311)
Warning: Skipping antenna analysis for net G[7]. The pin G[7] on cell CHIP does not have enough gate area information. (ZRT-311)
Warning: Skipping antenna analysis for net R[0]. The pin R[0] on cell CHIP does not have enough gate area information. (ZRT-311)
Warning: Skipping antenna analysis for net R[1]. The pin R[1] on cell CHIP does not have enough gate area information. (ZRT-311)
Warning: Skipping antenna analysis for net R[2]. The pin R[2] on cell CHIP does not have enough gate area information. (ZRT-311)
Warning: Skipping antenna analysis for net R[3]. The pin R[3] on cell CHIP does not have enough gate area information. (ZRT-311)
Warning: Skipping antenna analysis for net R[4]. The pin R[4] on cell CHIP does not have enough gate area information. (ZRT-311)
Warning: Skipping antenna analysis for net R[5]. The pin R[5] on cell CHIP does not have enough gate area information. (ZRT-311)
Warning: Skipping antenna analysis for net R[6]. The pin R[6] on cell CHIP does not have enough gate area information. (ZRT-311)
Warning: Skipping antenna analysis for net R[7]. The pin R[7] on cell CHIP does not have enough gate area information. (ZRT-311)
Warning: Skipping antenna analysis for net img_height[0]. The pin img_height[0] on cell CHIP does not have enough gate area information. (ZRT-311)
Warning: Skipping antenna analysis for net img_height[1]. The pin img_height[1] on cell CHIP does not have enough gate area information. (ZRT-311)
Warning: Skipping antenna analysis for net img_height[2]. The pin img_height[2] on cell CHIP does not have enough gate area information. (ZRT-311)
Warning: Skipping antenna analysis for net img_height[3]. The pin img_height[3] on cell CHIP does not have enough gate area information. (ZRT-311)
Warning: Skipping antenna analysis for net img_height[4]. The pin img_height[4] on cell CHIP does not have enough gate area information. (ZRT-311)
Warning: Skipping antenna analysis for net img_height[5]. The pin img_height[5] on cell CHIP does not have enough gate area information. (ZRT-311)
Warning: Skipping antenna analysis for net img_height[6]. The pin img_height[6] on cell CHIP does not have enough gate area information. (ZRT-311)
Warning: Skipping antenna analysis for net img_height[7]. The pin img_height[7] on cell CHIP does not have enough gate area information. (ZRT-311)
Warning: Skipping antenna analysis for net img_height[8]. The pin img_height[8] on cell CHIP does not have enough gate area information. (ZRT-311)
Warning: Skipping antenna analysis for net img_height[9]. The pin img_height[9] on cell CHIP does not have enough gate area information. (ZRT-311)
Warning: Skipping antenna analysis for net img_height[10]. The pin img_height[10] on cell CHIP does not have enough gate area information. (ZRT-311)
Warning: Skipping antenna analysis for net img_width[6]. The pin img_width[6] on cell CHIP does not have enough gate area information. (ZRT-311)
Warning: Skipping antenna analysis for net img_width[7]. The pin img_width[7] on cell CHIP does not have enough gate area information. (ZRT-311)
Warning: Skipping antenna analysis for net img_width[9]. The pin img_width[9] on cell CHIP does not have enough gate area information. (ZRT-311)
Warning: Skipping antenna analysis for net img_width[10]. The pin img_width[10] on cell CHIP does not have enough gate area information. (ZRT-311)
Warning: Skipping antenna analysis for net encode. The pin encode on cell CHIP does not have enough gate area information. (ZRT-311)
Warning: Skipping antenna analysis for net sample_mode. The pin sample_mode on cell CHIP does not have enough gate area information. (ZRT-311)
Warning: Skipping antenna analysis for net enable. The pin enable on cell CHIP does not have enough gate area information. (ZRT-311)
Warning: Skipping antenna analysis for net code[0]. The pin code[0] on cell CHIP does not have enough gate area information. (ZRT-311)
Warning: Skipping antenna analysis for net code[1]. The pin code[1] on cell CHIP does not have enough gate area information. (ZRT-311)
Warning: Skipping antenna analysis for net code[2]. The pin code[2] on cell CHIP does not have enough gate area information. (ZRT-311)
Warning: Skipping antenna analysis for net code[3]. The pin code[3] on cell CHIP does not have enough gate area information. (ZRT-311)
Warning: Skipping antenna analysis for net code[4]. The pin code[4] on cell CHIP does not have enough gate area information. (ZRT-311)
Warning: Skipping antenna analysis for net code[5]. The pin code[5] on cell CHIP does not have enough gate area information. (ZRT-311)
Warning: Skipping antenna analysis for net code[6]. The pin code[6] on cell CHIP does not have enough gate area information. (ZRT-311)
Warning: Skipping antenna analysis for net code[7]. The pin code[7] on cell CHIP does not have enough gate area information. (ZRT-311)
Warning: Skipping antenna analysis for net code[8]. The pin code[8] on cell CHIP does not have enough gate area information. (ZRT-311)
Warning: Skipping antenna analysis for net code[10]. The pin code[10] on cell CHIP does not have enough gate area information. (ZRT-311)
Warning: Skipping antenna analysis for net code[14]. The pin code[14] on cell CHIP does not have enough gate area information. (ZRT-311)
Warning: Skipping antenna analysis for net code[15]. The pin code[15] on cell CHIP does not have enough gate area information. (ZRT-311)
Warning: Skipping antenna analysis for net code[13]. The pin code[13] on cell CHIP does not have enough gate area information. (ZRT-311)
Warning: Skipping antenna analysis for net code[11]. The pin code[11] on cell CHIP does not have enough gate area information. (ZRT-311)
Warning: Skipping antenna analysis for net code[12]. The pin code[12] on cell CHIP does not have enough gate area information. (ZRT-311)
Warning: Skipping antenna analysis for net img_width[8]. The pin img_width[8] on cell CHIP does not have enough gate area information. (ZRT-311)
Warning: Skipping antenna analysis for net img_width[3]. The pin img_width[3] on cell CHIP does not have enough gate area information. (ZRT-311)
Warning: Skipping antenna analysis for net img_width[5]. The pin img_width[5] on cell CHIP does not have enough gate area information. (ZRT-311)
Warning: Skipping antenna analysis for net img_width[4]. The pin img_width[4] on cell CHIP does not have enough gate area information. (ZRT-311)
Warning: Skipping antenna analysis for net img_width[2]. The pin img_width[2] on cell CHIP does not have enough gate area information. (ZRT-311)
Warning: Skipping antenna analysis for net code[9]. The pin code[9] on cell CHIP does not have enough gate area information. (ZRT-311)
Warning: Skipping antenna analysis for net img_width[1]. The pin img_width[1] on cell CHIP does not have enough gate area information. (ZRT-311)
Warning: Skipping antenna analysis for net img_width[0]. The pin img_width[0] on cell CHIP does not have enough gate area information. (ZRT-311)
Warning: Skipping antenna analysis for net rst_n. The pin rst_n on cell CHIP does not have enough gate area information. (ZRT-311)
Warning: Skipping antenna analysis for net clk. The pin clk on cell CHIP does not have enough gate area information. (ZRT-311)
Skipping antenna analysis for 74 nets as they don't have enough gate area info.

Begin full DRC check ...

Information: Using 1 threads for routing. (ZRT-444)
Checked	1/36 Partitions, Violations =	0
Checked	2/36 Partitions, Violations =	0
Checked	3/36 Partitions, Violations =	0
Checked	4/36 Partitions, Violations =	0
Checked	5/36 Partitions, Violations =	0
Checked	6/36 Partitions, Violations =	0
Checked	7/36 Partitions, Violations =	0
Checked	8/36 Partitions, Violations =	0
Checked	9/36 Partitions, Violations =	0
Checked	10/36 Partitions, Violations =	0
Checked	11/36 Partitions, Violations =	0
Checked	12/36 Partitions, Violations =	0
Checked	13/36 Partitions, Violations =	0
Checked	14/36 Partitions, Violations =	0
Checked	15/36 Partitions, Violations =	0
Checked	16/36 Partitions, Violations =	0
Checked	17/36 Partitions, Violations =	0
Checked	18/36 Partitions, Violations =	0
Checked	19/36 Partitions, Violations =	0
Checked	20/36 Partitions, Violations =	0
Checked	21/36 Partitions, Violations =	0
Checked	22/36 Partitions, Violations =	0
Checked	23/36 Partitions, Violations =	0
Checked	24/36 Partitions, Violations =	0
Checked	25/36 Partitions, Violations =	0
Checked	26/36 Partitions, Violations =	0
Checked	27/36 Partitions, Violations =	0
Checked	28/36 Partitions, Violations =	0
Checked	29/36 Partitions, Violations =	0
Checked	30/36 Partitions, Violations =	0
Checked	31/36 Partitions, Violations =	0
Checked	32/36 Partitions, Violations =	0
Checked	33/36 Partitions, Violations =	0
Checked	34/36 Partitions, Violations =	0
Checked	35/36 Partitions, Violations =	0
Checked	36/36 Partitions, Violations =	0
[DRC CHECK] Elapsed real time: 0:00:20 
[DRC CHECK] Elapsed cpu  time: sys=0:00:00 usr=0:00:20 total=0:00:20
[DRC CHECK] Stage (MB): Used    0  Alloctr    0  Proc    0 
[DRC CHECK] Total (MB): Used  190  Alloctr  191  Proc 2863 
Start net based rule analysis
Found 0 antenna instance ports
End net based rule analysis
[Antenna analysis] Elapsed real time: 0:00:00 
[Antenna analysis] Elapsed cpu  time: sys=0:00:00 usr=0:00:00 total=0:00:00
[Antenna analysis] Stage (MB): Used    0  Alloctr    0  Proc    0 
[Antenna analysis] Total (MB): Used  190  Alloctr  191  Proc 2863 

DRC-SUMMARY:
	@@@@@@@ TOTAL VIOLATIONS =	0


Total Wire Length =                    658068 micron
Total Number of Contacts =             250240
Total Number of Wires =                267046
Total Number of PtConns =              33382
Total Number of Routed Wires =       267046
Total Routed Wire Length =           654558 micron
Total Number of Routed Contacts =       250240
	Layer              M1 :      16328 micron
	Layer              M2 :     235798 micron
	Layer              M3 :     184173 micron
	Layer              M4 :      99254 micron
	Layer              M5 :      59726 micron
	Layer              M6 :      26340 micron
	Layer              M7 :      21392 micron
	Layer              M8 :       5753 micron
	Layer              M9 :       9305 micron
	Layer            MRDL :          0 micron
	Via      VIA89_C(rot) :        475
	Via         VIA78SQ_C :        450
	Via        VIA78BAR_C :         56
	Via     VIA78SQ_C_2x1 :         70
	Via    VIA67SQ_C(rot) :       2081
	Via         VIA56SQ_C :       3236
	Via    VIA56SQ_C(rot) :          1
	Via         VIA45SQ_C :          5
	Via    VIA45SQ_C(rot) :       8536
	Via         VIA34SQ_C :      19102
	Via    VIA34SQ_C(rot) :        151
	Via         VIA23SQ_C :       1159
	Via    VIA23SQ_C(rot) :     104897
	Via         VIA12SQ_C :     101046
	Via    VIA12SQ_C(rot) :       5444
	Via        VIA12BAR_C :       2471
	Via   VIA12BAR_C(rot) :         30
	Via          VIA12BAR :          4
	Via     VIA12BAR(rot) :         47
	Via     VIA12SQ_C_2x1 :        973
	Via       VIA12SQ_2x1 :          6

 
Redundant via conversion report:
--------------------------------

  Total optimized via conversion rate =  0.42% (1049 / 250240 vias)
 
    Layer VIA1       =  0.89% (979    / 110021  vias)
        Weight 1     =  0.89% (979     vias)
        Un-optimized = 99.11% (109042  vias)
    Layer VIA2       =  0.00% (0      / 106056  vias)
        Un-optimized = 100.00% (106056  vias)
    Layer VIA3       =  0.00% (0      / 19253   vias)
        Un-optimized = 100.00% (19253   vias)
    Layer VIA4       =  0.00% (0      / 8541    vias)
        Un-optimized = 100.00% (8541    vias)
    Layer VIA5       =  0.00% (0      / 3237    vias)
        Un-optimized = 100.00% (3237    vias)
    Layer VIA6       =  0.00% (0      / 2081    vias)
        Un-optimized = 100.00% (2081    vias)
    Layer VIA7       = 12.15% (70     / 576     vias)
        Weight 1     = 12.15% (70      vias)
        Un-optimized = 87.85% (506     vias)
    Layer VIA8       =  0.00% (0      / 475     vias)
        Un-optimized = 100.00% (475     vias)
 
  Total double via conversion rate    =  0.42% (1049 / 250240 vias)
 
    Layer VIA1       =  0.89% (979    / 110021  vias)
    Layer VIA2       =  0.00% (0      / 106056  vias)
    Layer VIA3       =  0.00% (0      / 19253   vias)
    Layer VIA4       =  0.00% (0      / 8541    vias)
    Layer VIA5       =  0.00% (0      / 3237    vias)
    Layer VIA6       =  0.00% (0      / 2081    vias)
    Layer VIA7       = 12.15% (70     / 576     vias)
    Layer VIA8       =  0.00% (0      / 475     vias)
 
  The optimized via conversion rate based on total routed via count =  0.42% (1049 / 250240 vias)
 
    Layer VIA1       =  0.89% (979    / 110021  vias)
        Weight 1     =  0.89% (979     vias)
        Un-optimized = 99.11% (109042  vias)
    Layer VIA2       =  0.00% (0      / 106056  vias)
        Un-optimized = 100.00% (106056  vias)
    Layer VIA3       =  0.00% (0      / 19253   vias)
        Un-optimized = 100.00% (19253   vias)
    Layer VIA4       =  0.00% (0      / 8541    vias)
        Un-optimized = 100.00% (8541    vias)
    Layer VIA5       =  0.00% (0      / 3237    vias)
        Un-optimized = 100.00% (3237    vias)
    Layer VIA6       =  0.00% (0      / 2081    vias)
        Un-optimized = 100.00% (2081    vias)
    Layer VIA7       = 12.15% (70     / 576     vias)
        Weight 1     = 12.15% (70      vias)
        Un-optimized = 87.85% (506     vias)
    Layer VIA8       =  0.00% (0      / 475     vias)
        Un-optimized = 100.00% (475     vias)
 


Verify Summary:

Total number of nets = 34393, of which 0 are not extracted
Total number of open nets = 0, of which 0 are frozen
Total number of excluded ports = 0 ports of 0 unplaced cells connected to 0 nets
                                 0 ports without pins of 0 cells connected to 0 nets
                                 0 ports of 0 cover cells connected to 0 non-pg nets
Total number of DRCs = 0
Total number of antenna violations = 0
Total number of voltage-area violations = no voltage-areas defined
Total number of tie to rail violations = not checked
Total number of tie to rail directly violations = not checked

1
