
################################################################################
#
# This file has been generated by SpyGlass:
#     Report Name      : moresimple
#     Report Created by: u107061234
#     Report Created on:  Mon Jan 17 10:19:39 2022
#     Working Directory: /home/u107/u107061234/ICLAB/FINAL_ver2/RTL
#     SpyGlass Version : SpyGlass_vR-2020.12-SP2
#     Policy Name      : SpyGlass(SpyGlass_vR-2020.12-SP2)
#                        clock-reset(SpyGlass_vR-2020.12-SP2)
#                        erc(SpyGlass_vR-2020.12-SP2)
#                        latch(SpyGlass_vR-2020.12-SP2)
#                        lint(SpyGlass_vR-2020.12-SP2)
#                        morelint(SpyGlass_vR-2020.12-SP2)
#                        openmore(SpyGlass_vR-2020.12-SP2)
#                        power_est(SpyGlass_vR-2020.12-SP2)
#                        simulation(SpyGlass_vR-2020.12-SP2)
#                        starc(SpyGlass_vR-2020.12-SP2)
#                        starc2005(SpyGlass_vR-2020.12-SP2)
#                        txv(SpyGlass_vR-2020.12-SP2)
#
#     Total Number of Generated Messages :         15
#     Number of Waived Messages          :          0
#     Number of Reported Messages        :         15
#     Number of Overlimit Messages       :          0
#
#
################################################################################

+++++++++++++++++++++++++++++++++++++++++++++++++++++++++++++++++++++++
MORESIMPLE REPORT:


############### BuiltIn -> RuleGroup=Design Read ###############
+++++++++++++++++++++++++++++++++++++++++++++++++++++++++++++++++++++++++++++++++++++++
ID       Rule                    Alias                   Severity    File                                                                     Line    Wt    Message
======================================================================================
[1]      DetectTopDesignUnits    DetectTopDesignUnits    Info        ./hdl/top.v                                                              1       2     Module top is a top level design unit
[0]      ElabSummary             ElabSummary             Info        ./spyglass-1/lint/lint_rtl/spyglass_reports/SpyGlass/elab_summary.rpt    0       2     Please refer file './spyglass-1/lint/lint_rtl/spyglass_reports/SpyGlass/elab_summary.rpt' for elab summary report
+++++++++++++++++++++++++++++++++++++++++++++++++++++++++++++++++++++++++++++++++++++++


############### Non-BuiltIn -> Goal=lint/lint_rtl ###############
+++++++++++++++++++++++++++++++++++++++++++++++++++++++++++++++++++++++++++++++++++++++
ID       Rule    Alias    Severity    File                                                                      Line    Wt    Message
======================================================================================
[A]      W528             Warning     ./hdl/top.v                                                               266     10    Variable 'DCT1_en' set but not read.[Hierarchy: ':top']
[B]      W528             Warning     ./hdl/top.v                                                               267     10    Variable 'DCT2_en' set but not read.[Hierarchy: ':top']
[C]      W528             Warning     ./hdl/top.v                                                               345     10    Variable 'ctrl_stop0' set but not read.[Hierarchy: ':top']
[16]     W528             Warning     ./hdl/top.v                                                               346     10    Variable 'en0_in_addr[2:0]' set but not read.[Hierarchy: ':top']
[15]     W528             Warning     ./hdl/top.v                                                               378     10    Variable 'en1_in_addr[2:0]' set but not read.[Hierarchy: ':top']
[14]     W528             Warning     ./hdl/top.v                                                               380     10    Variable 'reg1_out1[11:0]' set but not read.[Hierarchy: ':top']
[13]     W528             Warning     ./hdl/top.v                                                               381     10    Variable 'reg1_out2[11:0]' set but not read.[Hierarchy: ':top']
[12]     W528             Warning     ./hdl/top.v                                                               382     10    Variable 'reg1_out3[11:0]' set but not read.[Hierarchy: ':top']
[11]     W528             Warning     ./hdl/top.v                                                               383     10    Variable 'reg1_out4[11:0]' set but not read.[Hierarchy: ':top']
[10]     W528             Warning     ./hdl/top.v                                                               384     10    Variable 'reg1_out5[11:0]' set but not read.[Hierarchy: ':top']
[F]      W528             Warning     ./hdl/top.v                                                               385     10    Variable 'reg1_out6[11:0]' set but not read.[Hierarchy: ':top']
[E]      W528             Warning     ./hdl/top.v                                                               386     10    Variable 'reg1_out7[11:0]' set but not read.[Hierarchy: ':top']
[D]      W528             Info        ./spyglass-1/lint/lint_rtl/spyglass_reports/lint/SignalUsageReport.rpt    0       10    Please refer to 'SignalUsageReport.rpt' for details of violating bits
+++++++++++++++++++++++++++++++++++++++++++++++++++++++++++++++++++++++++++++++++++++++

################################################################################
#
# This file has been generated by SpyGlass:
#     Report Name      : moresimple
#     Report Created by: u107061234
#     Report Created on:  Mon Jan 17 10:19:58 2022
#     Working Directory: /home/u107/u107061234/ICLAB/FINAL_ver2/RTL
#     SpyGlass Version : SpyGlass_vR-2020.12-SP2
#     Policy Name      : SpyGlass(SpyGlass_vR-2020.12-SP2)
#                        auto-verify(SpyGlass_vR-2020.12-SP2)
#                        erc(SpyGlass_vR-2020.12-SP2)
#                        latch(SpyGlass_vR-2020.12-SP2)
#                        lint(SpyGlass_vR-2020.12-SP2)
#                        morelint(SpyGlass_vR-2020.12-SP2)
#                        openmore(SpyGlass_vR-2020.12-SP2)
#                        simulation(SpyGlass_vR-2020.12-SP2)
#                        starc(SpyGlass_vR-2020.12-SP2)
#                        starc2005(SpyGlass_vR-2020.12-SP2)
#
#     Total Number of Generated Messages :         16
#     Number of Waived Messages          :          0
#     Number of Reported Messages        :         16
#     Number of Overlimit Messages       :          0
#
#
################################################################################

+++++++++++++++++++++++++++++++++++++++++++++++++++++++++++++++++++++++
MORESIMPLE REPORT:


############### BuiltIn -> RuleGroup=Command-line read ###############
+++++++++++++++++++++++++++++++++++++++++++++++++++++++++++++++++++++++++++++++++++++++
ID       Rule                     Alias          Severity    File    Line    Wt    Message
======================================================================================
[0]      checkCMD_unset_option    UnsetOption    Warning     N.A.    0       10    Option/Parameter 'enable_save_restore': Feature 'save-restore' is not supported with option 'policy=auto-verify'.Disabling all 'save-restore' related options
+++++++++++++++++++++++++++++++++++++++++++++++++++++++++++++++++++++++++++++++++++++++


############### BuiltIn -> RuleGroup=Design Read ###############
+++++++++++++++++++++++++++++++++++++++++++++++++++++++++++++++++++++++++++++++++++++++
ID       Rule                    Alias                   Severity    File                                                                           Line    Wt    Message
======================================================================================
[2]      DetectTopDesignUnits    DetectTopDesignUnits    Info        ./hdl/top.v                                                                    1       2     Module top is a top level design unit
[1]      ElabSummary             ElabSummary             Info        ./spyglass-1/lint/lint_turbo_rtl/spyglass_reports/SpyGlass/elab_summary.rpt    0       2     Please refer file './spyglass-1/lint/lint_turbo_rtl/spyglass_reports/SpyGlass/elab_summary.rpt' for elab summary report
+++++++++++++++++++++++++++++++++++++++++++++++++++++++++++++++++++++++++++++++++++++++


############### Non-BuiltIn -> Goal=lint/lint_turbo_rtl ###############
+++++++++++++++++++++++++++++++++++++++++++++++++++++++++++++++++++++++++++++++++++++++
ID       Rule    Alias    Severity    File                                                                            Line    Wt    Message
======================================================================================
[B]      W528             Warning     ./hdl/top.v                                                                     266     10    Variable 'DCT1_en' set but not read.[Hierarchy: ':top']
[C]      W528             Warning     ./hdl/top.v                                                                     267     10    Variable 'DCT2_en' set but not read.[Hierarchy: ':top']
[D]      W528             Warning     ./hdl/top.v                                                                     345     10    Variable 'ctrl_stop0' set but not read.[Hierarchy: ':top']
[17]     W528             Warning     ./hdl/top.v                                                                     346     10    Variable 'en0_in_addr[2:0]' set but not read.[Hierarchy: ':top']
[16]     W528             Warning     ./hdl/top.v                                                                     378     10    Variable 'en1_in_addr[2:0]' set but not read.[Hierarchy: ':top']
[15]     W528             Warning     ./hdl/top.v                                                                     380     10    Variable 'reg1_out1[11:0]' set but not read.[Hierarchy: ':top']
[14]     W528             Warning     ./hdl/top.v                                                                     381     10    Variable 'reg1_out2[11:0]' set but not read.[Hierarchy: ':top']
[13]     W528             Warning     ./hdl/top.v                                                                     382     10    Variable 'reg1_out3[11:0]' set but not read.[Hierarchy: ':top']
[12]     W528             Warning     ./hdl/top.v                                                                     383     10    Variable 'reg1_out4[11:0]' set but not read.[Hierarchy: ':top']
[11]     W528             Warning     ./hdl/top.v                                                                     384     10    Variable 'reg1_out5[11:0]' set but not read.[Hierarchy: ':top']
[10]     W528             Warning     ./hdl/top.v                                                                     385     10    Variable 'reg1_out6[11:0]' set but not read.[Hierarchy: ':top']
[F]      W528             Warning     ./hdl/top.v                                                                     386     10    Variable 'reg1_out7[11:0]' set but not read.[Hierarchy: ':top']
[E]      W528             Info        ./spyglass-1/lint/lint_turbo_rtl/spyglass_reports/lint/SignalUsageReport.rpt    0       10    Please refer to 'SignalUsageReport.rpt' for details of violating bits
+++++++++++++++++++++++++++++++++++++++++++++++++++++++++++++++++++++++++++++++++++++++

################################################################################
#
# This file has been generated by SpyGlass:
#     Report Name      : moresimple
#     Report Created by: u107061234
#     Report Created on:  Mon Jan 17 10:20:12 2022
#     Working Directory: /home/u107/u107061234/ICLAB/FINAL_ver2/RTL
#     SpyGlass Version : SpyGlass_vR-2020.12-SP2
#     Policy Name      : SpyGlass(SpyGlass_vR-2020.12-SP2)
#                        auto-verify(SpyGlass_vR-2020.12-SP2)
#
#     Total Number of Generated Messages :          2
#     Number of Waived Messages          :          0
#     Number of Reported Messages        :          2
#     Number of Overlimit Messages       :          0
#
#
################################################################################

+++++++++++++++++++++++++++++++++++++++++++++++++++++++++++++++++++++++
MORESIMPLE REPORT:
############### FATAL MESSAGES ############### 
+++++++++++++++++++++++++++++++++++++++++++++++++++++++++++++++++++++++++++++++++
ID       Rule            Alias    Severity    File    Line    Wt    Message
======================================================================================
[1]      Av_license01             FATAL       N.A.    0       2     'Functional Lint' not run due to unavailability of lint_func license feature
+++++++++++++++++++++++++++++++++++++++++++++++++++++++++++++++++++++++++++++++++++++++


############### BuiltIn -> RuleGroup=Command-line read ###############
+++++++++++++++++++++++++++++++++++++++++++++++++++++++++++++++++++++++++++++++++++++++
ID       Rule                     Alias          Severity    File    Line    Wt    Message
======================================================================================
[0]      checkCMD_unset_option    UnsetOption    Warning     N.A.    0       10    Option/Parameter 'enable_save_restore': Feature 'save-restore' is not supported with option 'policy=auto-verify'.Disabling all 'save-restore' related options
+++++++++++++++++++++++++++++++++++++++++++++++++++++++++++++++++++++++++++++++++++++++

################################################################################
#
# This file has been generated by SpyGlass:
#     Report Name      : moresimple
#     Report Created by: u107061234
#     Report Created on:  Mon Jan 17 10:20:18 2022
#     Working Directory: /home/u107/u107061234/ICLAB/FINAL_ver2/RTL
#     SpyGlass Version : SpyGlass_vR-2020.12-SP2
#     Policy Name      : SpyGlass(SpyGlass_vR-2020.12-SP2)
#                        lint(SpyGlass_vR-2020.12-SP2)
#
#     Total Number of Generated Messages :          3
#     Number of Waived Messages          :          0
#     Number of Reported Messages        :          3
#     Number of Overlimit Messages       :          0
#
#
################################################################################

+++++++++++++++++++++++++++++++++++++++++++++++++++++++++++++++++++++++
MORESIMPLE REPORT:


############### BuiltIn -> RuleGroup=Design Read ###############
+++++++++++++++++++++++++++++++++++++++++++++++++++++++++++++++++++++++++++++++++++++++
ID       Rule                    Alias                   Severity    File                                                                          Line    Wt    Message
======================================================================================
[1]      DetectTopDesignUnits    DetectTopDesignUnits    Info        ./hdl/top.v                                                                   1       2     Module top is a top level design unit
[0]      ElabSummary             ElabSummary             Info        ./spyglass-1/lint/lint_abstract/spyglass_reports/SpyGlass/elab_summary.rpt    0       2     Please refer file './spyglass-1/lint/lint_abstract/spyglass_reports/SpyGlass/elab_summary.rpt' for elab summary report
+++++++++++++++++++++++++++++++++++++++++++++++++++++++++++++++++++++++++++++++++++++++


############### Non-BuiltIn -> Goal=lint/lint_abstract ###############
+++++++++++++++++++++++++++++++++++++++++++++++++++++++++++++++++++++++++++++++++++++++
ID       Rule               Alias    Severity    File                                                                                                                                            Line    Wt    Message
======================================================================================
[2]      LINT_abstract01             Info        ./spyglass-1/lint/lint_abstract/spyglass_reports/abstract_view/top_ACT_PER_ADDR_1_COEF_FP_8_COEF_WIDTH_9_IMG_SIZE_11_IN_1_lint_abstract.sgdc    0       2     Abstract view for design 'top' succesfully created
+++++++++++++++++++++++++++++++++++++++++++++++++++++++++++++++++++++++++++++++++++++++
